<?xml version="1.0" encoding="UTF-8"?>
<!-- Generated by org.testng.reporters.JUnitXMLReporter -->
<testsuite ignored="0" hostname="DESKTOP-UMO9Q3S" failures="0" tests="6" name="Default test" time="152.586" errors="0" timestamp="2023-09-06T02:54:15 IST">
  <testcase classname="projectMaven.MavenMaven.SelPIM" name="Tc5" time="0.716"/>
  <testcase classname="projectMaven.MavenMaven.SelPIM" name="Tc6" time="6.304"/>
  <testcase classname="projectMaven.MavenMaven.SelPIM" name="Tc7" time="6.401"/>
  <testcase classname="projectMaven.MavenMaven.SelPIM" name="Tc8" time="7.837"/>
  <testcase classname="projectMaven.MavenMaven.SelPIM" name="Tc9" time="7.837"/>
  <testcase classname="projectMaven.MavenMaven.SelPIM" name="Tc10" time="3.341"/>
</testsuite> <!-- Default test -->
