<?xml version="1.0" encoding="UTF-8"?>
<!-- Generated by org.testng.reporters.JUnitXMLReporter -->
<testsuite ignored="0" hostname="DESKTOP-UMO9Q3S" failures="0" tests="3" name="Default test" time="48.306" errors="0" timestamp="2023-09-08T00:52:17 IST">
  <testcase classname="project1.Homepage" name="ForgP1" time="2.822"/>
  <testcase classname="project1.Homepage" name="ForgP2" time="2.604"/>
  <testcase classname="project1.Homepage" name="ForgP3" time="4.385"/>
</testsuite> <!-- Default test -->
