<?xml version="1.0" encoding="UTF-8"?>
<testng-results ignored="0" total="1" passed="1" failed="0" skipped="0">
  <reporter-output>
  </reporter-output>
  <suite started-at="2023-09-27T17:57:51 IST" name="Default suite" finished-at="2023-09-27T17:58:15 IST" duration-ms="24180">
    <groups>
    </groups>
    <test started-at="2023-09-27T17:57:51 IST" name="Default test" finished-at="2023-09-27T17:58:15 IST" duration-ms="24180">
      <class name="project1.AddEmpProfilePicTest">
        <test-method is-config="true" signature="startBrowser()[pri:0, instance:project1.AddEmpProfilePicTest@7c711375]" started-at="2023-09-27T17:57:51 IST" name="startBrowser" finished-at="2023-09-27T17:58:00 IST" duration-ms="9185" status="PASS">
          <reporter-output>
          </reporter-output>
        </test-method> <!-- startBrowser -->
        <test-method signature="Tc16(java.lang.String)[pri:16, instance:project1.AddEmpProfilePicTest@7c711375]" started-at="2023-09-27T17:58:00 IST" name="Tc16" data-provider="addProfilePic" finished-at="2023-09-27T17:58:15 IST" duration-ms="14757" status="PASS">
          <params>
            <param index="0">
              <value>
                <![CDATA[C:\Users\prati\git\OrangeHRM\src\main\java\project1\ProfilePics\picopic.jpg]]>
              </value>
            </param>
          </params>
          <reporter-output>
          </reporter-output>
        </test-method> <!-- Tc16 -->
        <test-method is-config="true" signature="closeBrowser()[pri:0, instance:project1.AddEmpProfilePicTest@7c711375]" started-at="2023-09-27T17:58:15 IST" name="closeBrowser" finished-at="2023-09-27T17:58:15 IST" duration-ms="205" status="PASS">
          <reporter-output>
          </reporter-output>
        </test-method> <!-- closeBrowser -->
      </class> <!-- project1.AddEmpProfilePicTest -->
    </test> <!-- Default test -->
  </suite> <!-- Default suite -->
</testng-results>
